<?xml version="1.0" encoding="UTF-8"?>
<!-- Generated by org.testng.reporters.JUnitReportReporter -->
<testsuite hostname="LAPTOP-TL8F9M4F" failures="0" tests="1" name="testCases.DiaryPageTest" time="2.753" errors="0" timestamp="2025-06-15T20:58:08 IST" skipped="0">
  <testcase classname="testCases.DiaryPageTest" name="verifyDiaryPageData" time="2.753"/>
</testsuite> <!-- testCases.DiaryPageTest -->
