<?xml version="1.0" encoding="UTF-8"?>
<!-- Generated by org.testng.reporters.JUnitReportReporter -->
<testsuite hostname="LAPTOP-TL8F9M4F" failures="0" tests="1" name="testCases.HomePageTest" time="0.055" errors="0" timestamp="2025-06-15T20:08:53 IST" skipped="0">
  <testcase classname="testCases.HomePageTest" name="verifyHomePageLoadAndButton" time="0.055"/>
</testsuite> <!-- testCases.HomePageTest -->
